
*** Running xst
    with args -ifn "mojo_top_0.xst" -ofn "mojo_top_0.srp" -intstyle ise

Reading design: mojo_top_0.prj

=========================================================================
*                          HDL Parsing                                  *
=========================================================================
Analyzing Verilog file "E:/Mojo IDE/mini hardware/work/planAhead/mini hardware/mini hardware.srcs/sources_1/imports/verilog/reset_conditioner_1.v" into library work
Parsing module <reset_conditioner_1>.
Analyzing Verilog file "E:/Mojo IDE/mini hardware/work/planAhead/mini hardware/mini hardware.srcs/sources_1/imports/verilog/blinker_2.v" into library work
Parsing module <blinker_2>.
Analyzing Verilog file "E:/Mojo IDE/mini hardware/work/planAhead/mini hardware/mini hardware.srcs/sources_1/imports/verilog/mojo_top_0.v" into library work
Parsing module <mojo_top_0>.

=========================================================================
*                            HDL Elaboration                            *
=========================================================================

Elaborating module <mojo_top_0>.

Elaborating module <reset_conditioner_1>.

Elaborating module <blinker_2>.

=========================================================================
*                           HDL Synthesis                               *
=========================================================================

Synthesizing Unit <mojo_top_0>.
    Related source file is "E:/Mojo IDE/mini hardware/work/planAhead/mini hardware/mini hardware.srcs/sources_1/imports/verilog/mojo_top_0.v".
WARNING:Xst:647 - Input <io_button> is never used. This port will be preserved and left unconnected if it belongs to a top-level block or it belongs to a sub-block and the hierarchy of this sub-block is preserved.
WARNING:Xst:647 - Input <cclk> is never used. This port will be preserved and left unconnected if it belongs to a top-level block or it belongs to a sub-block and the hierarchy of this sub-block is preserved.
WARNING:Xst:647 - Input <spi_ss> is never used. This port will be preserved and left unconnected if it belongs to a top-level block or it belongs to a sub-block and the hierarchy of this sub-block is preserved.
WARNING:Xst:647 - Input <spi_mosi> is never used. This port will be preserved and left unconnected if it belongs to a top-level block or it belongs to a sub-block and the hierarchy of this sub-block is preserved.
WARNING:Xst:647 - Input <spi_sck> is never used. This port will be preserved and left unconnected if it belongs to a top-level block or it belongs to a sub-block and the hierarchy of this sub-block is preserved.
WARNING:Xst:647 - Input <avr_tx> is never used. This port will be preserved and left unconnected if it belongs to a top-level block or it belongs to a sub-block and the hierarchy of this sub-block is preserved.
WARNING:Xst:647 - Input <press> is never used. This port will be preserved and left unconnected if it belongs to a top-level block or it belongs to a sub-block and the hierarchy of this sub-block is preserved.
WARNING:Xst:647 - Input <avr_rx_busy> is never used. This port will be preserved and left unconnected if it belongs to a top-level block or it belongs to a sub-block and the hierarchy of this sub-block is preserved.
    Found 3-bit register for signal <M_getstate_q>.
    Found 29-bit register for signal <M_counter_q>.
    Found 29-bit adder for signal <M_counter_d> created at line 99.
    Found 1-bit tristate buffer for signal <spi_miso> created at line 63
    Found 1-bit tristate buffer for signal <spi_channel<3>> created at line 63
    Found 1-bit tristate buffer for signal <spi_channel<2>> created at line 63
    Found 1-bit tristate buffer for signal <spi_channel<1>> created at line 63
    Found 1-bit tristate buffer for signal <spi_channel<0>> created at line 63
    Found 1-bit tristate buffer for signal <avr_rx> created at line 63
    Summary:
	inferred   1 Adder/Subtractor(s).
	inferred  32 D-type flip-flop(s).
	inferred   3 Multiplexer(s).
	inferred   6 Tristate(s).
Unit <mojo_top_0> synthesized.

Synthesizing Unit <reset_conditioner_1>.
    Related source file is "E:/Mojo IDE/mini hardware/work/planAhead/mini hardware/mini hardware.srcs/sources_1/imports/verilog/reset_conditioner_1.v".
    Found 4-bit register for signal <M_stage_q>.
    Summary:
	inferred   4 D-type flip-flop(s).
Unit <reset_conditioner_1> synthesized.

Synthesizing Unit <blinker_2>.
    Related source file is "E:/Mojo IDE/mini hardware/work/planAhead/mini hardware/mini hardware.srcs/sources_1/imports/verilog/blinker_2.v".
    Found 26-bit register for signal <M_counter_q>.
    Found 26-bit adder for signal <M_counter_d> created at line 21.
    Summary:
	inferred   1 Adder/Subtractor(s).
	inferred  26 D-type flip-flop(s).
Unit <blinker_2> synthesized.

=========================================================================
HDL Synthesis Report

Macro Statistics
# Adders/Subtractors                                   : 2
 26-bit adder                                          : 1
 29-bit adder                                          : 1
# Registers                                            : 4
 26-bit register                                       : 1
 29-bit register                                       : 1
 3-bit register                                        : 1
 4-bit register                                        : 1
# Multiplexers                                         : 3
 3-bit 2-to-1 multiplexer                              : 3
# Tristates                                            : 6
 1-bit tristate buffer                                 : 6

=========================================================================

=========================================================================
*                       Advanced HDL Synthesis                          *
=========================================================================


Synthesizing (advanced) Unit <blinker_2>.
The following registers are absorbed into counter <M_counter_q>: 1 register on signal <M_counter_q>.
Unit <blinker_2> synthesized (advanced).

Synthesizing (advanced) Unit <mojo_top_0>.
The following registers are absorbed into counter <M_counter_q>: 1 register on signal <M_counter_q>.
Unit <mojo_top_0> synthesized (advanced).

=========================================================================
Advanced HDL Synthesis Report

Macro Statistics
# Counters                                             : 2
 26-bit up counter                                     : 1
 29-bit up counter                                     : 1
# Registers                                            : 7
 Flip-Flops                                            : 7
# Multiplexers                                         : 3
 3-bit 2-to-1 multiplexer                              : 3

=========================================================================

=========================================================================
*                         Low Level Synthesis                           *
=========================================================================

Optimizing unit <mojo_top_0> ...
INFO:Xst:2261 - The FF/Latch <myBlinker/M_counter_q_0> in Unit <mojo_top_0> is equivalent to the following FF/Latch, which will be removed : <M_counter_q_0> 
INFO:Xst:2261 - The FF/Latch <myBlinker/M_counter_q_1> in Unit <mojo_top_0> is equivalent to the following FF/Latch, which will be removed : <M_counter_q_1> 
INFO:Xst:3203 - The FF/Latch <myBlinker/M_counter_q_2> in Unit <mojo_top_0> is the opposite to the following FF/Latch, which will be removed : <M_counter_q_2> 

Mapping all equations...
Building and optimizing final netlist ...
Found area constraint ratio of 100 (+ 0) on block mojo_top_0, actual ratio is 1.
FlipFlop reset_cond/M_stage_q_3 has been replicated 1 time(s)

Final Macro Processing ...

=========================================================================
Final Register Report

Macro Statistics
# Registers                                            : 60
 Flip-Flops                                            : 60

=========================================================================

=========================================================================
*                           Partition Report                            *
=========================================================================

Partition Implementation Status
-------------------------------

  No Partitions were found in this design.

-------------------------------

=========================================================================
*                            Design Summary                             *
=========================================================================

Clock Information:
------------------
-----------------------------------+------------------------+-------+
Clock Signal                       | Clock buffer(FF name)  | Load  |
-----------------------------------+------------------------+-------+
clk                                | BUFGP                  | 60    |
-----------------------------------+------------------------+-------+

Asynchronous Control Signals Information:
----------------------------------------
No asynchronous control signals found in this design

Timing Summary:
---------------
Speed Grade: -2

   Minimum period: 2.628ns (Maximum Frequency: 380.554MHz)
   Minimum input arrival time before clock: 3.563ns
   Maximum output required time after clock: 4.162ns
   Maximum combinational path delay: No path found

=========================================================================
